2018-11-28 22:10:50.603  INFO 10012 --- [main] app.Application                          : Starting Application on vaibhav-Latitude-3450 with PID 10012 (/home/vaibhav/Workspace/cimplyfive-host/com.cimplyfive.registration/target/classes started by vaibhav in /home/vaibhav/Workspace/cimplyfive-host/com.cimplyfive.registration)
2018-11-28 22:10:50.607  INFO 10012 --- [main] app.Application                          : No active profile set, falling back to default profiles: default
2018-11-28 22:10:51.285  INFO 10012 --- [main] .s.d.r.c.RepositoryConfigurationDelegate : Bootstrapping Spring Data repositories in DEFAULT mode.
2018-11-28 22:10:51.347  INFO 10012 --- [main] .s.d.r.c.RepositoryConfigurationDelegate : Finished Spring Data repository scanning in 54ms. Found 1 repository interfaces.
2018-11-28 22:10:51.864  INFO 10012 --- [main] o.s.b.w.embedded.tomcat.TomcatWebServer  : Tomcat initialized with port(s): 8080 (http)
2018-11-28 22:10:51.881  INFO 10012 --- [main] o.apache.catalina.core.StandardService   : Starting service [Tomcat]
2018-11-28 22:10:51.882  INFO 10012 --- [main] org.apache.catalina.core.StandardEngine  : Starting Servlet Engine: Apache Tomcat/9.0.12
2018-11-28 22:10:51.889  INFO 10012 --- [main] o.a.catalina.core.AprLifecycleListener   : The APR based Apache Tomcat Native library which allows optimal performance in production environments was not found on the java.library.path: [/usr/java/packages/lib/amd64:/usr/lib64:/lib64:/lib:/usr/lib]
2018-11-28 22:10:51.955  INFO 10012 --- [main] o.a.c.c.C.[Tomcat].[localhost].[/]       : Initializing Spring embedded WebApplicationContext
2018-11-28 22:10:51.956  INFO 10012 --- [main] o.s.web.context.ContextLoader            : Root WebApplicationContext: initialization completed in 1300 ms
2018-11-28 22:10:51.983  INFO 10012 --- [main] o.s.b.w.servlet.ServletRegistrationBean  : Servlet dispatcherServlet mapped to [/]
2018-11-28 22:10:51.988  INFO 10012 --- [main] o.s.b.w.servlet.FilterRegistrationBean   : Mapping filter: 'characterEncodingFilter' to: [/*]
2018-11-28 22:10:51.989  INFO 10012 --- [main] o.s.b.w.servlet.FilterRegistrationBean   : Mapping filter: 'hiddenHttpMethodFilter' to: [/*]
2018-11-28 22:10:51.989  INFO 10012 --- [main] o.s.b.w.servlet.FilterRegistrationBean   : Mapping filter: 'formContentFilter' to: [/*]
2018-11-28 22:10:51.989  INFO 10012 --- [main] o.s.b.w.servlet.FilterRegistrationBean   : Mapping filter: 'requestContextFilter' to: [/*]
2018-11-28 22:10:53.988  INFO 10012 --- [main] org.mongodb.driver.cluster               : Cluster created with settings {hosts=[supercell-shard-00-00-qhrjy.mongodb.net:27017, supercell-shard-00-01-qhrjy.mongodb.net:27017, supercell-shard-00-02-qhrjy.mongodb.net:27017], mode=MULTIPLE, requiredClusterType=REPLICA_SET, serverSelectionTimeout='30000 ms', maxWaitQueueSize=500, requiredReplicaSetName='Supercell-shard-0'}
2018-11-28 22:10:53.989  INFO 10012 --- [main] org.mongodb.driver.cluster               : Adding discovered server supercell-shard-00-00-qhrjy.mongodb.net:27017 to client view of cluster
2018-11-28 22:10:54.025  INFO 10012 --- [main] org.mongodb.driver.cluster               : Adding discovered server supercell-shard-00-01-qhrjy.mongodb.net:27017 to client view of cluster
2018-11-28 22:10:54.026  INFO 10012 --- [main] org.mongodb.driver.cluster               : Adding discovered server supercell-shard-00-02-qhrjy.mongodb.net:27017 to client view of cluster
2018-11-28 22:10:54.573  INFO 10012 --- [main] o.s.s.concurrent.ThreadPoolTaskExecutor  : Initializing ExecutorService 'applicationTaskExecutor'
2018-11-28 22:10:54.738  INFO 10012 --- [main] o.s.b.w.embedded.tomcat.TomcatWebServer  : Tomcat started on port(s): 8080 (http) with context path ''
2018-11-28 22:10:54.742  INFO 10012 --- [main] app.Application                          : Started Application in 4.52 seconds (JVM running for 4.956)
2018-11-28 22:10:57.018  INFO 10012 --- [cluster-ClusterId{value='5bfec51576390b271c20a8e8', description='null'}-supercell-shard-00-02-qhrjy.mongodb.net:27017] org.mongodb.driver.connection            : Opened connection [connectionId{localValue:3, serverValue:76840}] to supercell-shard-00-02-qhrjy.mongodb.net:27017
2018-11-28 22:10:57.020  INFO 10012 --- [cluster-ClusterId{value='5bfec51576390b271c20a8e8', description='null'}-supercell-shard-00-00-qhrjy.mongodb.net:27017] org.mongodb.driver.connection            : Opened connection [connectionId{localValue:1, serverValue:77473}] to supercell-shard-00-00-qhrjy.mongodb.net:27017
2018-11-28 22:10:57.019  INFO 10012 --- [cluster-ClusterId{value='5bfec51576390b271c20a8e8', description='null'}-supercell-shard-00-01-qhrjy.mongodb.net:27017] org.mongodb.driver.connection            : Opened connection [connectionId{localValue:2, serverValue:233629}] to supercell-shard-00-01-qhrjy.mongodb.net:27017
2018-11-28 22:10:57.328  INFO 10012 --- [cluster-ClusterId{value='5bfec51576390b271c20a8e8', description='null'}-supercell-shard-00-01-qhrjy.mongodb.net:27017] org.mongodb.driver.cluster               : Monitor thread successfully connected to server with description ServerDescription{address=supercell-shard-00-01-qhrjy.mongodb.net:27017, type=REPLICA_SET_PRIMARY, state=CONNECTED, ok=true, version=ServerVersion{versionList=[4, 0, 4]}, minWireVersion=0, maxWireVersion=7, maxDocumentSize=16777216, logicalSessionTimeoutMinutes=30, roundTripTimeNanos=304188384, setName='Supercell-shard-0', canonicalAddress=supercell-shard-00-01-qhrjy.mongodb.net:27017, hosts=[supercell-shard-00-00-qhrjy.mongodb.net:27017, supercell-shard-00-01-qhrjy.mongodb.net:27017, supercell-shard-00-02-qhrjy.mongodb.net:27017], passives=[], arbiters=[], primary='supercell-shard-00-01-qhrjy.mongodb.net:27017', tagSet=TagSet{[]}, electionId=7fffffff0000000000000006, setVersion=1, lastWriteDate=Wed Nov 28 22:10:57 IST 2018, lastUpdateTimeNanos=11220228086227}
2018-11-28 22:10:57.330  INFO 10012 --- [cluster-ClusterId{value='5bfec51576390b271c20a8e8', description='null'}-supercell-shard-00-02-qhrjy.mongodb.net:27017] org.mongodb.driver.cluster               : Monitor thread successfully connected to server with description ServerDescription{address=supercell-shard-00-02-qhrjy.mongodb.net:27017, type=REPLICA_SET_SECONDARY, state=CONNECTED, ok=true, version=ServerVersion{versionList=[4, 0, 4]}, minWireVersion=0, maxWireVersion=7, maxDocumentSize=16777216, logicalSessionTimeoutMinutes=30, roundTripTimeNanos=308629695, setName='Supercell-shard-0', canonicalAddress=supercell-shard-00-02-qhrjy.mongodb.net:27017, hosts=[supercell-shard-00-00-qhrjy.mongodb.net:27017, supercell-shard-00-01-qhrjy.mongodb.net:27017, supercell-shard-00-02-qhrjy.mongodb.net:27017], passives=[], arbiters=[], primary='supercell-shard-00-01-qhrjy.mongodb.net:27017', tagSet=TagSet{[]}, electionId=null, setVersion=1, lastWriteDate=Wed Nov 28 22:10:57 IST 2018, lastUpdateTimeNanos=11220230968229}
2018-11-28 22:10:57.331  INFO 10012 --- [cluster-ClusterId{value='5bfec51576390b271c20a8e8', description='null'}-supercell-shard-00-01-qhrjy.mongodb.net:27017] org.mongodb.driver.cluster               : Setting max election id to 7fffffff0000000000000006 from replica set primary supercell-shard-00-01-qhrjy.mongodb.net:27017
2018-11-28 22:10:57.331  INFO 10012 --- [cluster-ClusterId{value='5bfec51576390b271c20a8e8', description='null'}-supercell-shard-00-01-qhrjy.mongodb.net:27017] org.mongodb.driver.cluster               : Setting max set version to 1 from replica set primary supercell-shard-00-01-qhrjy.mongodb.net:27017
2018-11-28 22:10:57.331  INFO 10012 --- [cluster-ClusterId{value='5bfec51576390b271c20a8e8', description='null'}-supercell-shard-00-00-qhrjy.mongodb.net:27017] org.mongodb.driver.cluster               : Monitor thread successfully connected to server with description ServerDescription{address=supercell-shard-00-00-qhrjy.mongodb.net:27017, type=REPLICA_SET_SECONDARY, state=CONNECTED, ok=true, version=ServerVersion{versionList=[4, 0, 4]}, minWireVersion=0, maxWireVersion=7, maxDocumentSize=16777216, logicalSessionTimeoutMinutes=30, roundTripTimeNanos=310881600, setName='Supercell-shard-0', canonicalAddress=supercell-shard-00-00-qhrjy.mongodb.net:27017, hosts=[supercell-shard-00-00-qhrjy.mongodb.net:27017, supercell-shard-00-01-qhrjy.mongodb.net:27017, supercell-shard-00-02-qhrjy.mongodb.net:27017], passives=[], arbiters=[], primary='supercell-shard-00-01-qhrjy.mongodb.net:27017', tagSet=TagSet{[]}, electionId=null, setVersion=1, lastWriteDate=Wed Nov 28 22:10:57 IST 2018, lastUpdateTimeNanos=11220233060590}
2018-11-28 22:10:57.332  INFO 10012 --- [cluster-ClusterId{value='5bfec51576390b271c20a8e8', description='null'}-supercell-shard-00-01-qhrjy.mongodb.net:27017] org.mongodb.driver.cluster               : Discovered replica set primary supercell-shard-00-01-qhrjy.mongodb.net:27017
2018-11-28 22:11:16.018  INFO 10012 --- [http-nio-8080-exec-1] o.a.c.c.C.[Tomcat].[localhost].[/]       : Initializing Spring DispatcherServlet 'dispatcherServlet'
2018-11-28 22:11:16.018  INFO 10012 --- [http-nio-8080-exec-1] o.s.web.servlet.DispatcherServlet        : Initializing Servlet 'dispatcherServlet'
2018-11-28 22:11:16.025  INFO 10012 --- [http-nio-8080-exec-1] o.s.web.servlet.DispatcherServlet        : Completed initialization in 7 ms
2018-11-28 22:11:18.834  INFO 10012 --- [http-nio-8080-exec-1] org.mongodb.driver.connection            : Opened connection [connectionId{localValue:4, serverValue:234822}] to supercell-shard-00-01-qhrjy.mongodb.net:27017
2018-11-28 22:11:28.455  INFO 10012 --- [http-nio-8080-exec-1] app.service.MailingService               : Email sent!
2018-11-28 22:15:20.360  INFO 10012 --- [RMI TCP Connection(2)-127.0.0.1] inMXBeanRegistrar$SpringApplicationAdmin : Application shutdown requested.
2018-11-28 22:15:20.362  INFO 10012 --- [RMI TCP Connection(2)-127.0.0.1] o.s.s.concurrent.ThreadPoolTaskExecutor  : Shutting down ExecutorService 'applicationTaskExecutor'
2018-11-28 22:15:20.695  INFO 10012 --- [RMI TCP Connection(2)-127.0.0.1] org.mongodb.driver.connection            : Closed connection [connectionId{localValue:4, serverValue:234822}] to supercell-shard-00-01-qhrjy.mongodb.net:27017 because the pool has been closed.
2018-11-28 22:15:23.328  INFO 10270 --- [main] app.Application                          : Starting Application on vaibhav-Latitude-3450 with PID 10270 (/home/vaibhav/Workspace/cimplyfive-host/com.cimplyfive.registration/target/classes started by vaibhav in /home/vaibhav/Workspace/cimplyfive-host/com.cimplyfive.registration)
2018-11-28 22:15:23.352  INFO 10270 --- [main] app.Application                          : No active profile set, falling back to default profiles: default
2018-11-28 22:15:23.943  INFO 10270 --- [main] .s.d.r.c.RepositoryConfigurationDelegate : Bootstrapping Spring Data repositories in DEFAULT mode.
2018-11-28 22:15:23.995  INFO 10270 --- [main] .s.d.r.c.RepositoryConfigurationDelegate : Finished Spring Data repository scanning in 44ms. Found 1 repository interfaces.
2018-11-28 22:15:24.580  INFO 10270 --- [main] o.s.b.w.embedded.tomcat.TomcatWebServer  : Tomcat initialized with port(s): 8080 (http)
2018-11-28 22:15:24.596  INFO 10270 --- [main] o.apache.catalina.core.StandardService   : Starting service [Tomcat]
2018-11-28 22:15:24.597  INFO 10270 --- [main] org.apache.catalina.core.StandardEngine  : Starting Servlet Engine: Apache Tomcat/9.0.12
2018-11-28 22:15:24.603  INFO 10270 --- [main] o.a.catalina.core.AprLifecycleListener   : The APR based Apache Tomcat Native library which allows optimal performance in production environments was not found on the java.library.path: [/usr/java/packages/lib/amd64:/usr/lib64:/lib64:/lib:/usr/lib]
2018-11-28 22:15:24.666  INFO 10270 --- [main] o.a.c.c.C.[Tomcat].[localhost].[/]       : Initializing Spring embedded WebApplicationContext
2018-11-28 22:15:24.666  INFO 10270 --- [main] o.s.web.context.ContextLoader            : Root WebApplicationContext: initialization completed in 1246 ms
2018-11-28 22:15:24.691  INFO 10270 --- [main] o.s.b.w.servlet.ServletRegistrationBean  : Servlet dispatcherServlet mapped to [/]
2018-11-28 22:15:24.695  INFO 10270 --- [main] o.s.b.w.servlet.FilterRegistrationBean   : Mapping filter: 'characterEncodingFilter' to: [/*]
2018-11-28 22:15:24.696  INFO 10270 --- [main] o.s.b.w.servlet.FilterRegistrationBean   : Mapping filter: 'hiddenHttpMethodFilter' to: [/*]
2018-11-28 22:15:24.696  INFO 10270 --- [main] o.s.b.w.servlet.FilterRegistrationBean   : Mapping filter: 'formContentFilter' to: [/*]
2018-11-28 22:15:24.697  INFO 10270 --- [main] o.s.b.w.servlet.FilterRegistrationBean   : Mapping filter: 'requestContextFilter' to: [/*]
2018-11-28 22:15:26.012  INFO 10270 --- [main] org.mongodb.driver.cluster               : Cluster created with settings {hosts=[supercell-shard-00-00-qhrjy.mongodb.net:27017, supercell-shard-00-01-qhrjy.mongodb.net:27017, supercell-shard-00-02-qhrjy.mongodb.net:27017], mode=MULTIPLE, requiredClusterType=REPLICA_SET, serverSelectionTimeout='30000 ms', maxWaitQueueSize=500, requiredReplicaSetName='Supercell-shard-0'}
2018-11-28 22:15:26.012  INFO 10270 --- [main] org.mongodb.driver.cluster               : Adding discovered server supercell-shard-00-00-qhrjy.mongodb.net:27017 to client view of cluster
2018-11-28 22:15:26.031  INFO 10270 --- [main] org.mongodb.driver.cluster               : Adding discovered server supercell-shard-00-01-qhrjy.mongodb.net:27017 to client view of cluster
2018-11-28 22:15:26.033  INFO 10270 --- [main] org.mongodb.driver.cluster               : Adding discovered server supercell-shard-00-02-qhrjy.mongodb.net:27017 to client view of cluster
2018-11-28 22:15:26.676  INFO 10270 --- [main] o.s.s.concurrent.ThreadPoolTaskExecutor  : Initializing ExecutorService 'applicationTaskExecutor'
2018-11-28 22:15:26.893  INFO 10270 --- [main] o.s.b.w.embedded.tomcat.TomcatWebServer  : Tomcat started on port(s): 8080 (http) with context path ''
2018-11-28 22:15:26.897  INFO 10270 --- [main] app.Application                          : Started Application in 3.988 seconds (JVM running for 4.492)
2018-11-28 22:15:28.990  INFO 10270 --- [cluster-ClusterId{value='5bfec62676390b281e4eb840', description='null'}-supercell-shard-00-01-qhrjy.mongodb.net:27017] org.mongodb.driver.connection            : Opened connection [connectionId{localValue:2, serverValue:233634}] to supercell-shard-00-01-qhrjy.mongodb.net:27017
2018-11-28 22:15:28.991  INFO 10270 --- [cluster-ClusterId{value='5bfec62676390b281e4eb840', description='null'}-supercell-shard-00-02-qhrjy.mongodb.net:27017] org.mongodb.driver.connection            : Opened connection [connectionId{localValue:3, serverValue:76623}] to supercell-shard-00-02-qhrjy.mongodb.net:27017
2018-11-28 22:15:29.298  INFO 10270 --- [cluster-ClusterId{value='5bfec62676390b281e4eb840', description='null'}-supercell-shard-00-01-qhrjy.mongodb.net:27017] org.mongodb.driver.cluster               : Monitor thread successfully connected to server with description ServerDescription{address=supercell-shard-00-01-qhrjy.mongodb.net:27017, type=REPLICA_SET_PRIMARY, state=CONNECTED, ok=true, version=ServerVersion{versionList=[4, 0, 4]}, minWireVersion=0, maxWireVersion=7, maxDocumentSize=16777216, logicalSessionTimeoutMinutes=30, roundTripTimeNanos=303790408, setName='Supercell-shard-0', canonicalAddress=supercell-shard-00-01-qhrjy.mongodb.net:27017, hosts=[supercell-shard-00-00-qhrjy.mongodb.net:27017, supercell-shard-00-01-qhrjy.mongodb.net:27017, supercell-shard-00-02-qhrjy.mongodb.net:27017], passives=[], arbiters=[], primary='supercell-shard-00-01-qhrjy.mongodb.net:27017', tagSet=TagSet{[]}, electionId=7fffffff0000000000000006, setVersion=1, lastWriteDate=Wed Nov 28 22:15:27 IST 2018, lastUpdateTimeNanos=11492198977640}
2018-11-28 22:15:29.300  INFO 10270 --- [cluster-ClusterId{value='5bfec62676390b281e4eb840', description='null'}-supercell-shard-00-02-qhrjy.mongodb.net:27017] org.mongodb.driver.cluster               : Monitor thread successfully connected to server with description ServerDescription{address=supercell-shard-00-02-qhrjy.mongodb.net:27017, type=REPLICA_SET_SECONDARY, state=CONNECTED, ok=true, version=ServerVersion{versionList=[4, 0, 4]}, minWireVersion=0, maxWireVersion=7, maxDocumentSize=16777216, logicalSessionTimeoutMinutes=30, roundTripTimeNanos=306724798, setName='Supercell-shard-0', canonicalAddress=supercell-shard-00-02-qhrjy.mongodb.net:27017, hosts=[supercell-shard-00-00-qhrjy.mongodb.net:27017, supercell-shard-00-01-qhrjy.mongodb.net:27017, supercell-shard-00-02-qhrjy.mongodb.net:27017], passives=[], arbiters=[], primary='supercell-shard-00-01-qhrjy.mongodb.net:27017', tagSet=TagSet{[]}, electionId=null, setVersion=1, lastWriteDate=Wed Nov 28 22:15:27 IST 2018, lastUpdateTimeNanos=11492201145564}
2018-11-28 22:15:29.301  INFO 10270 --- [cluster-ClusterId{value='5bfec62676390b281e4eb840', description='null'}-supercell-shard-00-01-qhrjy.mongodb.net:27017] org.mongodb.driver.cluster               : Setting max election id to 7fffffff0000000000000006 from replica set primary supercell-shard-00-01-qhrjy.mongodb.net:27017
2018-11-28 22:15:29.302  INFO 10270 --- [cluster-ClusterId{value='5bfec62676390b281e4eb840', description='null'}-supercell-shard-00-01-qhrjy.mongodb.net:27017] org.mongodb.driver.cluster               : Setting max set version to 1 from replica set primary supercell-shard-00-01-qhrjy.mongodb.net:27017
2018-11-28 22:15:29.302  INFO 10270 --- [cluster-ClusterId{value='5bfec62676390b281e4eb840', description='null'}-supercell-shard-00-01-qhrjy.mongodb.net:27017] org.mongodb.driver.cluster               : Discovered replica set primary supercell-shard-00-01-qhrjy.mongodb.net:27017
2018-11-28 22:15:29.601  INFO 10270 --- [cluster-ClusterId{value='5bfec62676390b281e4eb840', description='null'}-supercell-shard-00-00-qhrjy.mongodb.net:27017] org.mongodb.driver.connection            : Opened connection [connectionId{localValue:1, serverValue:76855}] to supercell-shard-00-00-qhrjy.mongodb.net:27017
2018-11-28 22:15:29.909  INFO 10270 --- [cluster-ClusterId{value='5bfec62676390b281e4eb840', description='null'}-supercell-shard-00-00-qhrjy.mongodb.net:27017] org.mongodb.driver.cluster               : Monitor thread successfully connected to server with description ServerDescription{address=supercell-shard-00-00-qhrjy.mongodb.net:27017, type=REPLICA_SET_SECONDARY, state=CONNECTED, ok=true, version=ServerVersion{versionList=[4, 0, 4]}, minWireVersion=0, maxWireVersion=7, maxDocumentSize=16777216, logicalSessionTimeoutMinutes=30, roundTripTimeNanos=307371481, setName='Supercell-shard-0', canonicalAddress=supercell-shard-00-00-qhrjy.mongodb.net:27017, hosts=[supercell-shard-00-00-qhrjy.mongodb.net:27017, supercell-shard-00-01-qhrjy.mongodb.net:27017, supercell-shard-00-02-qhrjy.mongodb.net:27017], passives=[], arbiters=[], primary='supercell-shard-00-01-qhrjy.mongodb.net:27017', tagSet=TagSet{[]}, electionId=null, setVersion=1, lastWriteDate=Wed Nov 28 22:15:29 IST 2018, lastUpdateTimeNanos=11492811061831}
2018-11-28 22:15:55.753  INFO 10270 --- [http-nio-8080-exec-1] o.a.c.c.C.[Tomcat].[localhost].[/]       : Initializing Spring DispatcherServlet 'dispatcherServlet'
2018-11-28 22:15:55.754  INFO 10270 --- [http-nio-8080-exec-1] o.s.web.servlet.DispatcherServlet        : Initializing Servlet 'dispatcherServlet'
2018-11-28 22:15:55.759  INFO 10270 --- [http-nio-8080-exec-1] o.s.web.servlet.DispatcherServlet        : Completed initialization in 5 ms
2018-11-28 22:15:58.785  INFO 10270 --- [http-nio-8080-exec-2] org.mongodb.driver.connection            : Opened connection [connectionId{localValue:4, serverValue:233623}] to supercell-shard-00-01-qhrjy.mongodb.net:27017
2018-11-28 22:16:05.163  INFO 10270 --- [http-nio-8080-exec-2] app.service.MailingService               : Email sent!
2018-11-28 22:17:11.036  INFO 10270 --- [RMI TCP Connection(2)-127.0.0.1] inMXBeanRegistrar$SpringApplicationAdmin : Application shutdown requested.
2018-11-28 22:17:11.039  INFO 10270 --- [RMI TCP Connection(2)-127.0.0.1] o.s.s.concurrent.ThreadPoolTaskExecutor  : Shutting down ExecutorService 'applicationTaskExecutor'
2018-11-28 22:17:11.388  INFO 10270 --- [RMI TCP Connection(2)-127.0.0.1] org.mongodb.driver.connection            : Closed connection [connectionId{localValue:4, serverValue:233623}] to supercell-shard-00-01-qhrjy.mongodb.net:27017 because the pool has been closed.
2018-11-28 22:17:17.351  INFO 10401 --- [main] app.Application                          : Starting Application on vaibhav-Latitude-3450 with PID 10401 (/home/vaibhav/Workspace/cimplyfive-host/com.cimplyfive.registration/target/classes started by vaibhav in /home/vaibhav/Workspace/cimplyfive-host/com.cimplyfive.registration)
2018-11-28 22:17:17.355  INFO 10401 --- [main] app.Application                          : No active profile set, falling back to default profiles: default
2018-11-28 22:17:17.997  INFO 10401 --- [main] .s.d.r.c.RepositoryConfigurationDelegate : Bootstrapping Spring Data repositories in DEFAULT mode.
2018-11-28 22:17:18.055  INFO 10401 --- [main] .s.d.r.c.RepositoryConfigurationDelegate : Finished Spring Data repository scanning in 50ms. Found 1 repository interfaces.
2018-11-28 22:17:18.489  INFO 10401 --- [main] o.s.b.w.embedded.tomcat.TomcatWebServer  : Tomcat initialized with port(s): 8080 (http)
2018-11-28 22:17:18.507  INFO 10401 --- [main] o.apache.catalina.core.StandardService   : Starting service [Tomcat]
2018-11-28 22:17:18.507  INFO 10401 --- [main] org.apache.catalina.core.StandardEngine  : Starting Servlet Engine: Apache Tomcat/9.0.12
2018-11-28 22:17:18.513  INFO 10401 --- [main] o.a.catalina.core.AprLifecycleListener   : The APR based Apache Tomcat Native library which allows optimal performance in production environments was not found on the java.library.path: [/usr/java/packages/lib/amd64:/usr/lib64:/lib64:/lib:/usr/lib]
2018-11-28 22:17:18.575  INFO 10401 --- [main] o.a.c.c.C.[Tomcat].[localhost].[/]       : Initializing Spring embedded WebApplicationContext
2018-11-28 22:17:18.575  INFO 10401 --- [main] o.s.web.context.ContextLoader            : Root WebApplicationContext: initialization completed in 1176 ms
2018-11-28 22:17:18.601  INFO 10401 --- [main] o.s.b.w.servlet.ServletRegistrationBean  : Servlet dispatcherServlet mapped to [/]
2018-11-28 22:17:18.606  INFO 10401 --- [main] o.s.b.w.servlet.FilterRegistrationBean   : Mapping filter: 'characterEncodingFilter' to: [/*]
2018-11-28 22:17:18.607  INFO 10401 --- [main] o.s.b.w.servlet.FilterRegistrationBean   : Mapping filter: 'hiddenHttpMethodFilter' to: [/*]
2018-11-28 22:17:18.608  INFO 10401 --- [main] o.s.b.w.servlet.FilterRegistrationBean   : Mapping filter: 'formContentFilter' to: [/*]
2018-11-28 22:17:18.608  INFO 10401 --- [main] o.s.b.w.servlet.FilterRegistrationBean   : Mapping filter: 'requestContextFilter' to: [/*]
2018-11-28 22:17:21.748  INFO 10401 --- [main] org.mongodb.driver.cluster               : Cluster created with settings {hosts=[supercell-shard-00-00-qhrjy.mongodb.net:27017, supercell-shard-00-01-qhrjy.mongodb.net:27017, supercell-shard-00-02-qhrjy.mongodb.net:27017], mode=MULTIPLE, requiredClusterType=REPLICA_SET, serverSelectionTimeout='30000 ms', maxWaitQueueSize=500, requiredReplicaSetName='Supercell-shard-0'}
2018-11-28 22:17:21.749  INFO 10401 --- [main] org.mongodb.driver.cluster               : Adding discovered server supercell-shard-00-00-qhrjy.mongodb.net:27017 to client view of cluster
2018-11-28 22:17:21.784  INFO 10401 --- [main] org.mongodb.driver.cluster               : Adding discovered server supercell-shard-00-01-qhrjy.mongodb.net:27017 to client view of cluster
2018-11-28 22:17:21.785  INFO 10401 --- [main] org.mongodb.driver.cluster               : Adding discovered server supercell-shard-00-02-qhrjy.mongodb.net:27017 to client view of cluster
2018-11-28 22:17:22.258  INFO 10401 --- [main] o.s.s.concurrent.ThreadPoolTaskExecutor  : Initializing ExecutorService 'applicationTaskExecutor'
2018-11-28 22:17:22.426  INFO 10401 --- [main] o.s.b.w.embedded.tomcat.TomcatWebServer  : Tomcat started on port(s): 8080 (http) with context path ''
2018-11-28 22:17:22.429  INFO 10401 --- [main] app.Application                          : Started Application in 5.442 seconds (JVM running for 5.892)
2018-11-28 22:17:23.875  INFO 10401 --- [cluster-ClusterId{value='5bfec69976390b28a1023c43', description='null'}-supercell-shard-00-02-qhrjy.mongodb.net:27017] org.mongodb.driver.connection            : Opened connection [connectionId{localValue:3, serverValue:76834}] to supercell-shard-00-02-qhrjy.mongodb.net:27017
2018-11-28 22:17:24.162  INFO 10401 --- [cluster-ClusterId{value='5bfec69976390b28a1023c43', description='null'}-supercell-shard-00-02-qhrjy.mongodb.net:27017] org.mongodb.driver.cluster               : Monitor thread successfully connected to server with description ServerDescription{address=supercell-shard-00-02-qhrjy.mongodb.net:27017, type=REPLICA_SET_SECONDARY, state=CONNECTED, ok=true, version=ServerVersion{versionList=[4, 0, 4]}, minWireVersion=0, maxWireVersion=7, maxDocumentSize=16777216, logicalSessionTimeoutMinutes=30, roundTripTimeNanos=284701147, setName='Supercell-shard-0', canonicalAddress=supercell-shard-00-02-qhrjy.mongodb.net:27017, hosts=[supercell-shard-00-00-qhrjy.mongodb.net:27017, supercell-shard-00-01-qhrjy.mongodb.net:27017, supercell-shard-00-02-qhrjy.mongodb.net:27017], passives=[], arbiters=[], primary='supercell-shard-00-01-qhrjy.mongodb.net:27017', tagSet=TagSet{[]}, electionId=null, setVersion=1, lastWriteDate=Wed Nov 28 22:17:21 IST 2018, lastUpdateTimeNanos=11607063138714}
2018-11-28 22:17:24.429  INFO 10401 --- [cluster-ClusterId{value='5bfec69976390b28a1023c43', description='null'}-supercell-shard-00-00-qhrjy.mongodb.net:27017] org.mongodb.driver.connection            : Opened connection [connectionId{localValue:1, serverValue:77482}] to supercell-shard-00-00-qhrjy.mongodb.net:27017
2018-11-28 22:17:24.800  INFO 10401 --- [cluster-ClusterId{value='5bfec69976390b28a1023c43', description='null'}-supercell-shard-00-01-qhrjy.mongodb.net:27017] org.mongodb.driver.connection            : Opened connection [connectionId{localValue:2, serverValue:234915}] to supercell-shard-00-01-qhrjy.mongodb.net:27017
2018-11-28 22:17:24.802  INFO 10401 --- [cluster-ClusterId{value='5bfec69976390b28a1023c43', description='null'}-supercell-shard-00-00-qhrjy.mongodb.net:27017] org.mongodb.driver.cluster               : Monitor thread successfully connected to server with description ServerDescription{address=supercell-shard-00-00-qhrjy.mongodb.net:27017, type=REPLICA_SET_SECONDARY, state=CONNECTED, ok=true, version=ServerVersion{versionList=[4, 0, 4]}, minWireVersion=0, maxWireVersion=7, maxDocumentSize=16777216, logicalSessionTimeoutMinutes=30, roundTripTimeNanos=372390550, setName='Supercell-shard-0', canonicalAddress=supercell-shard-00-00-qhrjy.mongodb.net:27017, hosts=[supercell-shard-00-00-qhrjy.mongodb.net:27017, supercell-shard-00-01-qhrjy.mongodb.net:27017, supercell-shard-00-02-qhrjy.mongodb.net:27017], passives=[], arbiters=[], primary='supercell-shard-00-01-qhrjy.mongodb.net:27017', tagSet=TagSet{[]}, electionId=null, setVersion=1, lastWriteDate=Wed Nov 28 22:17:24 IST 2018, lastUpdateTimeNanos=11607703823439}
2018-11-28 22:17:25.059  INFO 10401 --- [cluster-ClusterId{value='5bfec69976390b28a1023c43', description='null'}-supercell-shard-00-01-qhrjy.mongodb.net:27017] org.mongodb.driver.cluster               : Monitor thread successfully connected to server with description ServerDescription{address=supercell-shard-00-01-qhrjy.mongodb.net:27017, type=REPLICA_SET_PRIMARY, state=CONNECTED, ok=true, version=ServerVersion{versionList=[4, 0, 4]}, minWireVersion=0, maxWireVersion=7, maxDocumentSize=16777216, logicalSessionTimeoutMinutes=30, roundTripTimeNanos=257549218, setName='Supercell-shard-0', canonicalAddress=supercell-shard-00-01-qhrjy.mongodb.net:27017, hosts=[supercell-shard-00-00-qhrjy.mongodb.net:27017, supercell-shard-00-01-qhrjy.mongodb.net:27017, supercell-shard-00-02-qhrjy.mongodb.net:27017], passives=[], arbiters=[], primary='supercell-shard-00-01-qhrjy.mongodb.net:27017', tagSet=TagSet{[]}, electionId=7fffffff0000000000000006, setVersion=1, lastWriteDate=Wed Nov 28 22:17:24 IST 2018, lastUpdateTimeNanos=11607959988366}
2018-11-28 22:17:25.060  INFO 10401 --- [cluster-ClusterId{value='5bfec69976390b28a1023c43', description='null'}-supercell-shard-00-01-qhrjy.mongodb.net:27017] org.mongodb.driver.cluster               : Setting max election id to 7fffffff0000000000000006 from replica set primary supercell-shard-00-01-qhrjy.mongodb.net:27017
2018-11-28 22:17:25.060  INFO 10401 --- [cluster-ClusterId{value='5bfec69976390b28a1023c43', description='null'}-supercell-shard-00-01-qhrjy.mongodb.net:27017] org.mongodb.driver.cluster               : Setting max set version to 1 from replica set primary supercell-shard-00-01-qhrjy.mongodb.net:27017
2018-11-28 22:17:25.060  INFO 10401 --- [cluster-ClusterId{value='5bfec69976390b28a1023c43', description='null'}-supercell-shard-00-01-qhrjy.mongodb.net:27017] org.mongodb.driver.cluster               : Discovered replica set primary supercell-shard-00-01-qhrjy.mongodb.net:27017
2018-11-28 22:18:41.159  INFO 10401 --- [http-nio-8080-exec-1] o.a.c.c.C.[Tomcat].[localhost].[/]       : Initializing Spring DispatcherServlet 'dispatcherServlet'
2018-11-28 22:18:41.160  INFO 10401 --- [http-nio-8080-exec-1] o.s.web.servlet.DispatcherServlet        : Initializing Servlet 'dispatcherServlet'
2018-11-28 22:18:41.167  INFO 10401 --- [http-nio-8080-exec-1] o.s.web.servlet.DispatcherServlet        : Completed initialization in 7 ms
2018-11-28 22:18:44.160  INFO 10401 --- [http-nio-8080-exec-1] org.mongodb.driver.connection            : Opened connection [connectionId{localValue:4, serverValue:234920}] to supercell-shard-00-01-qhrjy.mongodb.net:27017
2018-11-28 22:18:50.099  INFO 10401 --- [http-nio-8080-exec-1] app.service.MailingService               : Email sent!
2018-11-28 22:19:40.491  INFO 10401 --- [http-nio-8080-exec-2] app.service.MailingService               : Email sent!
2018-11-28 22:24:09.313  INFO 10401 --- [http-nio-8080-exec-5] app.service.MailingService               : Email sent!
2018-11-28 22:24:46.608  INFO 10401 --- [http-nio-8080-exec-6] app.service.MailingService               : Email sent!
2018-11-28 22:25:19.430 ERROR 10401 --- [http-nio-8080-exec-8] app.service.RegistrationService          : Registration failed with the following exception: 554 Message rejected: Email address is not verified. The following identities failed the check in region US-EAST-1: vaibhav.prate@gmail.com

2018-11-28 22:25:52.058  INFO 10401 --- [RMI TCP Connection(2)-127.0.0.1] inMXBeanRegistrar$SpringApplicationAdmin : Application shutdown requested.
2018-11-28 22:25:52.060  INFO 10401 --- [RMI TCP Connection(2)-127.0.0.1] o.s.s.concurrent.ThreadPoolTaskExecutor  : Shutting down ExecutorService 'applicationTaskExecutor'
2018-11-28 22:25:52.395  INFO 10401 --- [RMI TCP Connection(2)-127.0.0.1] org.mongodb.driver.connection            : Closed connection [connectionId{localValue:4, serverValue:234920}] to supercell-shard-00-01-qhrjy.mongodb.net:27017 because the pool has been closed.
2018-11-28 23:07:51.484  INFO 12577 --- [main] app.Application                          : Starting Application on vaibhav-Latitude-3450 with PID 12577 (/home/vaibhav/Workspace/cimplyfive-host/com.cimplyfive.registration/target/classes started by vaibhav in /home/vaibhav/Workspace/cimplyfive-host/com.cimplyfive.registration)
2018-11-28 23:07:51.487  INFO 12577 --- [main] app.Application                          : No active profile set, falling back to default profiles: default
2018-11-28 23:07:52.145  INFO 12577 --- [main] .s.d.r.c.RepositoryConfigurationDelegate : Bootstrapping Spring Data repositories in DEFAULT mode.
2018-11-28 23:07:52.198  INFO 12577 --- [main] .s.d.r.c.RepositoryConfigurationDelegate : Finished Spring Data repository scanning in 50ms. Found 1 repository interfaces.
2018-11-28 23:07:52.699  INFO 12577 --- [main] o.s.b.w.embedded.tomcat.TomcatWebServer  : Tomcat initialized with port(s): 8080 (http)
2018-11-28 23:07:52.717  INFO 12577 --- [main] o.apache.catalina.core.StandardService   : Starting service [Tomcat]
2018-11-28 23:07:52.718  INFO 12577 --- [main] org.apache.catalina.core.StandardEngine  : Starting Servlet Engine: Apache Tomcat/9.0.12
2018-11-28 23:07:52.724  INFO 12577 --- [main] o.a.catalina.core.AprLifecycleListener   : The APR based Apache Tomcat Native library which allows optimal performance in production environments was not found on the java.library.path: [/usr/java/packages/lib/amd64:/usr/lib64:/lib64:/lib:/usr/lib]
2018-11-28 23:07:52.784  INFO 12577 --- [main] o.a.c.c.C.[Tomcat].[localhost].[/]       : Initializing Spring embedded WebApplicationContext
2018-11-28 23:07:52.785  INFO 12577 --- [main] o.s.web.context.ContextLoader            : Root WebApplicationContext: initialization completed in 1255 ms
2018-11-28 23:07:52.809  INFO 12577 --- [main] o.s.b.w.servlet.ServletRegistrationBean  : Servlet dispatcherServlet mapped to [/]
2018-11-28 23:07:52.813  INFO 12577 --- [main] o.s.b.w.servlet.FilterRegistrationBean   : Mapping filter: 'characterEncodingFilter' to: [/*]
2018-11-28 23:07:52.814  INFO 12577 --- [main] o.s.b.w.servlet.FilterRegistrationBean   : Mapping filter: 'hiddenHttpMethodFilter' to: [/*]
2018-11-28 23:07:52.815  INFO 12577 --- [main] o.s.b.w.servlet.FilterRegistrationBean   : Mapping filter: 'formContentFilter' to: [/*]
2018-11-28 23:07:52.815  INFO 12577 --- [main] o.s.b.w.servlet.FilterRegistrationBean   : Mapping filter: 'requestContextFilter' to: [/*]
2018-11-28 23:07:53.459  INFO 12577 --- [main] org.mongodb.driver.cluster               : Cluster created with settings {hosts=[supercell-shard-00-00-qhrjy.mongodb.net:27017, supercell-shard-00-01-qhrjy.mongodb.net:27017, supercell-shard-00-02-qhrjy.mongodb.net:27017], mode=MULTIPLE, requiredClusterType=REPLICA_SET, serverSelectionTimeout='30000 ms', maxWaitQueueSize=500, requiredReplicaSetName='Supercell-shard-0'}
2018-11-28 23:07:53.460  INFO 12577 --- [main] org.mongodb.driver.cluster               : Adding discovered server supercell-shard-00-00-qhrjy.mongodb.net:27017 to client view of cluster
2018-11-28 23:07:53.503  INFO 12577 --- [main] org.mongodb.driver.cluster               : Adding discovered server supercell-shard-00-01-qhrjy.mongodb.net:27017 to client view of cluster
2018-11-28 23:07:53.504  INFO 12577 --- [main] org.mongodb.driver.cluster               : Adding discovered server supercell-shard-00-02-qhrjy.mongodb.net:27017 to client view of cluster
2018-11-28 23:07:54.062  INFO 12577 --- [main] o.s.s.concurrent.ThreadPoolTaskExecutor  : Initializing ExecutorService 'applicationTaskExecutor'
2018-11-28 23:07:54.254  INFO 12577 --- [main] o.s.b.w.embedded.tomcat.TomcatWebServer  : Tomcat started on port(s): 8080 (http) with context path ''
2018-11-28 23:07:54.257  INFO 12577 --- [main] app.Application                          : Started Application in 3.147 seconds (JVM running for 3.581)
2018-11-28 23:07:55.619  INFO 12577 --- [cluster-ClusterId{value='5bfed27176390b31216625e6', description='null'}-supercell-shard-00-01-qhrjy.mongodb.net:27017] org.mongodb.driver.connection            : Opened connection [connectionId{localValue:1, serverValue:234919}] to supercell-shard-00-01-qhrjy.mongodb.net:27017
2018-11-28 23:07:55.902  INFO 12577 --- [cluster-ClusterId{value='5bfed27176390b31216625e6', description='null'}-supercell-shard-00-01-qhrjy.mongodb.net:27017] org.mongodb.driver.cluster               : Monitor thread successfully connected to server with description ServerDescription{address=supercell-shard-00-01-qhrjy.mongodb.net:27017, type=REPLICA_SET_PRIMARY, state=CONNECTED, ok=true, version=ServerVersion{versionList=[4, 0, 4]}, minWireVersion=0, maxWireVersion=7, maxDocumentSize=16777216, logicalSessionTimeoutMinutes=30, roundTripTimeNanos=280539275, setName='Supercell-shard-0', canonicalAddress=supercell-shard-00-01-qhrjy.mongodb.net:27017, hosts=[supercell-shard-00-00-qhrjy.mongodb.net:27017, supercell-shard-00-01-qhrjy.mongodb.net:27017, supercell-shard-00-02-qhrjy.mongodb.net:27017], passives=[], arbiters=[], primary='supercell-shard-00-01-qhrjy.mongodb.net:27017', tagSet=TagSet{[]}, electionId=7fffffff0000000000000006, setVersion=1, lastWriteDate=Wed Nov 28 23:07:54 IST 2018, lastUpdateTimeNanos=14638802824887}
2018-11-28 23:07:55.904  INFO 12577 --- [cluster-ClusterId{value='5bfed27176390b31216625e6', description='null'}-supercell-shard-00-01-qhrjy.mongodb.net:27017] org.mongodb.driver.cluster               : Setting max election id to 7fffffff0000000000000006 from replica set primary supercell-shard-00-01-qhrjy.mongodb.net:27017
2018-11-28 23:07:55.905  INFO 12577 --- [cluster-ClusterId{value='5bfed27176390b31216625e6', description='null'}-supercell-shard-00-01-qhrjy.mongodb.net:27017] org.mongodb.driver.cluster               : Setting max set version to 1 from replica set primary supercell-shard-00-01-qhrjy.mongodb.net:27017
2018-11-28 23:07:55.905  INFO 12577 --- [cluster-ClusterId{value='5bfed27176390b31216625e6', description='null'}-supercell-shard-00-01-qhrjy.mongodb.net:27017] org.mongodb.driver.cluster               : Discovered replica set primary supercell-shard-00-01-qhrjy.mongodb.net:27017
2018-11-28 23:07:56.819  INFO 12577 --- [cluster-ClusterId{value='5bfed27176390b31216625e6', description='null'}-supercell-shard-00-00-qhrjy.mongodb.net:27017] org.mongodb.driver.connection            : Opened connection [connectionId{localValue:2, serverValue:77741}] to supercell-shard-00-00-qhrjy.mongodb.net:27017
2018-11-28 23:07:57.126  INFO 12577 --- [cluster-ClusterId{value='5bfed27176390b31216625e6', description='null'}-supercell-shard-00-02-qhrjy.mongodb.net:27017] org.mongodb.driver.connection            : Opened connection [connectionId{localValue:3, serverValue:77340}] to supercell-shard-00-02-qhrjy.mongodb.net:27017
2018-11-28 23:07:57.128  INFO 12577 --- [cluster-ClusterId{value='5bfed27176390b31216625e6', description='null'}-supercell-shard-00-00-qhrjy.mongodb.net:27017] org.mongodb.driver.cluster               : Monitor thread successfully connected to server with description ServerDescription{address=supercell-shard-00-00-qhrjy.mongodb.net:27017, type=REPLICA_SET_SECONDARY, state=CONNECTED, ok=true, version=ServerVersion{versionList=[4, 0, 4]}, minWireVersion=0, maxWireVersion=7, maxDocumentSize=16777216, logicalSessionTimeoutMinutes=30, roundTripTimeNanos=308080168, setName='Supercell-shard-0', canonicalAddress=supercell-shard-00-00-qhrjy.mongodb.net:27017, hosts=[supercell-shard-00-00-qhrjy.mongodb.net:27017, supercell-shard-00-01-qhrjy.mongodb.net:27017, supercell-shard-00-02-qhrjy.mongodb.net:27017], passives=[], arbiters=[], primary='supercell-shard-00-01-qhrjy.mongodb.net:27017', tagSet=TagSet{[]}, electionId=null, setVersion=1, lastWriteDate=Wed Nov 28 23:07:55 IST 2018, lastUpdateTimeNanos=14640029758266}
2018-11-28 23:07:57.435  INFO 12577 --- [cluster-ClusterId{value='5bfed27176390b31216625e6', description='null'}-supercell-shard-00-02-qhrjy.mongodb.net:27017] org.mongodb.driver.cluster               : Monitor thread successfully connected to server with description ServerDescription{address=supercell-shard-00-02-qhrjy.mongodb.net:27017, type=REPLICA_SET_SECONDARY, state=CONNECTED, ok=true, version=ServerVersion{versionList=[4, 0, 4]}, minWireVersion=0, maxWireVersion=7, maxDocumentSize=16777216, logicalSessionTimeoutMinutes=30, roundTripTimeNanos=307645036, setName='Supercell-shard-0', canonicalAddress=supercell-shard-00-02-qhrjy.mongodb.net:27017, hosts=[supercell-shard-00-00-qhrjy.mongodb.net:27017, supercell-shard-00-01-qhrjy.mongodb.net:27017, supercell-shard-00-02-qhrjy.mongodb.net:27017], passives=[], arbiters=[], primary='supercell-shard-00-01-qhrjy.mongodb.net:27017', tagSet=TagSet{[]}, electionId=null, setVersion=1, lastWriteDate=Wed Nov 28 23:07:57 IST 2018, lastUpdateTimeNanos=14640336147615}
2018-11-28 23:10:05.910  INFO 12577 --- [RMI TCP Connection(2)-127.0.0.1] inMXBeanRegistrar$SpringApplicationAdmin : Application shutdown requested.
2018-11-28 23:10:05.912  INFO 12577 --- [RMI TCP Connection(2)-127.0.0.1] o.s.s.concurrent.ThreadPoolTaskExecutor  : Shutting down ExecutorService 'applicationTaskExecutor'
2018-11-28 23:15:29.779  INFO 13100 --- [main] app.tests.ApplicationTests               : Starting ApplicationTests on vaibhav-Latitude-3450 with PID 13100 (started by vaibhav in /home/vaibhav/Workspace/cimplyfive-host/com.cimplyfive.registration)
2018-11-28 23:15:29.783  INFO 13100 --- [main] app.tests.ApplicationTests               : No active profile set, falling back to default profiles: default
2018-11-28 23:15:30.719  INFO 13100 --- [main] .s.d.r.c.RepositoryConfigurationDelegate : Bootstrapping Spring Data repositories in DEFAULT mode.
2018-11-28 23:15:30.806  INFO 13100 --- [main] .s.d.r.c.RepositoryConfigurationDelegate : Finished Spring Data repository scanning in 78ms. Found 1 repository interfaces.
2018-11-28 23:15:31.719  INFO 13100 --- [main] org.mongodb.driver.cluster               : Cluster created with settings {hosts=[supercell-shard-00-00-qhrjy.mongodb.net:27017, supercell-shard-00-01-qhrjy.mongodb.net:27017, supercell-shard-00-02-qhrjy.mongodb.net:27017], mode=MULTIPLE, requiredClusterType=REPLICA_SET, serverSelectionTimeout='30000 ms', maxWaitQueueSize=500, requiredReplicaSetName='Supercell-shard-0'}
2018-11-28 23:15:31.721  INFO 13100 --- [main] org.mongodb.driver.cluster               : Adding discovered server supercell-shard-00-00-qhrjy.mongodb.net:27017 to client view of cluster
2018-11-28 23:15:31.744  INFO 13100 --- [main] org.mongodb.driver.cluster               : Adding discovered server supercell-shard-00-01-qhrjy.mongodb.net:27017 to client view of cluster
2018-11-28 23:15:31.745  INFO 13100 --- [main] org.mongodb.driver.cluster               : Adding discovered server supercell-shard-00-02-qhrjy.mongodb.net:27017 to client view of cluster
2018-11-28 23:15:32.919  INFO 13100 --- [main] o.s.s.concurrent.ThreadPoolTaskExecutor  : Initializing ExecutorService 'applicationTaskExecutor'
2018-11-28 23:15:33.348  INFO 13100 --- [main] app.tests.ApplicationTests               : Started ApplicationTests in 4.012 seconds (JVM running for 5.021)
2018-11-28 23:15:33.664  INFO 13100 --- [Thread-2] o.s.s.concurrent.ThreadPoolTaskExecutor  : Shutting down ExecutorService 'applicationTaskExecutor'
2018-11-28 23:18:27.882  INFO 13285 --- [main] app.tests.ApplicationTests               : Starting ApplicationTests on vaibhav-Latitude-3450 with PID 13285 (started by vaibhav in /home/vaibhav/Workspace/cimplyfive-host/com.cimplyfive.registration)
2018-11-28 23:18:27.892  INFO 13285 --- [main] app.tests.ApplicationTests               : No active profile set, falling back to default profiles: default
2018-11-28 23:18:28.903  INFO 13285 --- [main] .s.d.r.c.RepositoryConfigurationDelegate : Bootstrapping Spring Data repositories in DEFAULT mode.
2018-11-28 23:18:28.996  INFO 13285 --- [main] .s.d.r.c.RepositoryConfigurationDelegate : Finished Spring Data repository scanning in 84ms. Found 1 repository interfaces.
2018-11-28 23:18:30.905  INFO 13285 --- [main] org.mongodb.driver.cluster               : Cluster created with settings {hosts=[supercell-shard-00-00-qhrjy.mongodb.net:27017, supercell-shard-00-01-qhrjy.mongodb.net:27017, supercell-shard-00-02-qhrjy.mongodb.net:27017], mode=MULTIPLE, requiredClusterType=REPLICA_SET, serverSelectionTimeout='30000 ms', maxWaitQueueSize=500, requiredReplicaSetName='Supercell-shard-0'}
2018-11-28 23:18:30.905  INFO 13285 --- [main] org.mongodb.driver.cluster               : Adding discovered server supercell-shard-00-00-qhrjy.mongodb.net:27017 to client view of cluster
2018-11-28 23:18:30.928  INFO 13285 --- [main] org.mongodb.driver.cluster               : Adding discovered server supercell-shard-00-01-qhrjy.mongodb.net:27017 to client view of cluster
2018-11-28 23:18:30.930  INFO 13285 --- [main] org.mongodb.driver.cluster               : Adding discovered server supercell-shard-00-02-qhrjy.mongodb.net:27017 to client view of cluster
2018-11-28 23:18:32.314  INFO 13285 --- [main] o.s.s.concurrent.ThreadPoolTaskExecutor  : Initializing ExecutorService 'applicationTaskExecutor'
2018-11-28 23:18:32.842  INFO 13285 --- [main] app.tests.ApplicationTests               : Started ApplicationTests in 5.365 seconds (JVM running for 6.389)
2018-11-28 23:18:33.126  INFO 13285 --- [Thread-2] o.s.s.concurrent.ThreadPoolTaskExecutor  : Shutting down ExecutorService 'applicationTaskExecutor'
2018-11-28 23:19:01.336  INFO 13322 --- [main] app.Application                          : Starting Application on vaibhav-Latitude-3450 with PID 13322 (/home/vaibhav/Workspace/cimplyfive-host/com.cimplyfive.registration/target/classes started by vaibhav in /home/vaibhav/Workspace/cimplyfive-host/com.cimplyfive.registration)
2018-11-28 23:19:01.339  INFO 13322 --- [main] app.Application                          : No active profile set, falling back to default profiles: default
2018-11-28 23:19:02.006  INFO 13322 --- [main] .s.d.r.c.RepositoryConfigurationDelegate : Bootstrapping Spring Data repositories in DEFAULT mode.
2018-11-28 23:19:02.062  INFO 13322 --- [main] .s.d.r.c.RepositoryConfigurationDelegate : Finished Spring Data repository scanning in 53ms. Found 1 repository interfaces.
2018-11-28 23:19:02.595  INFO 13322 --- [main] o.s.b.w.embedded.tomcat.TomcatWebServer  : Tomcat initialized with port(s): 8080 (http)
2018-11-28 23:19:02.613  INFO 13322 --- [main] o.apache.catalina.core.StandardService   : Starting service [Tomcat]
2018-11-28 23:19:02.614  INFO 13322 --- [main] org.apache.catalina.core.StandardEngine  : Starting Servlet Engine: Apache Tomcat/9.0.12
2018-11-28 23:19:02.620  INFO 13322 --- [main] o.a.catalina.core.AprLifecycleListener   : The APR based Apache Tomcat Native library which allows optimal performance in production environments was not found on the java.library.path: [/usr/java/packages/lib/amd64:/usr/lib64:/lib64:/lib:/usr/lib]
2018-11-28 23:19:02.681  INFO 13322 --- [main] o.a.c.c.C.[Tomcat].[localhost].[/]       : Initializing Spring embedded WebApplicationContext
2018-11-28 23:19:02.681  INFO 13322 --- [main] o.s.web.context.ContextLoader            : Root WebApplicationContext: initialization completed in 1303 ms
2018-11-28 23:19:02.707  INFO 13322 --- [main] o.s.b.w.servlet.ServletRegistrationBean  : Servlet dispatcherServlet mapped to [/]
2018-11-28 23:19:02.713  INFO 13322 --- [main] o.s.b.w.servlet.FilterRegistrationBean   : Mapping filter: 'characterEncodingFilter' to: [/*]
2018-11-28 23:19:02.713  INFO 13322 --- [main] o.s.b.w.servlet.FilterRegistrationBean   : Mapping filter: 'hiddenHttpMethodFilter' to: [/*]
2018-11-28 23:19:02.713  INFO 13322 --- [main] o.s.b.w.servlet.FilterRegistrationBean   : Mapping filter: 'formContentFilter' to: [/*]
2018-11-28 23:19:02.714  INFO 13322 --- [main] o.s.b.w.servlet.FilterRegistrationBean   : Mapping filter: 'requestContextFilter' to: [/*]
2018-11-28 23:19:03.051  INFO 13322 --- [main] org.mongodb.driver.cluster               : Cluster created with settings {hosts=[supercell-shard-00-00-qhrjy.mongodb.net:27017, supercell-shard-00-01-qhrjy.mongodb.net:27017, supercell-shard-00-02-qhrjy.mongodb.net:27017], mode=MULTIPLE, requiredClusterType=REPLICA_SET, serverSelectionTimeout='30000 ms', maxWaitQueueSize=500, requiredReplicaSetName='Supercell-shard-0'}
2018-11-28 23:19:03.052  INFO 13322 --- [main] org.mongodb.driver.cluster               : Adding discovered server supercell-shard-00-00-qhrjy.mongodb.net:27017 to client view of cluster
2018-11-28 23:19:03.095  INFO 13322 --- [main] org.mongodb.driver.cluster               : Adding discovered server supercell-shard-00-01-qhrjy.mongodb.net:27017 to client view of cluster
2018-11-28 23:19:03.096  INFO 13322 --- [main] org.mongodb.driver.cluster               : Adding discovered server supercell-shard-00-02-qhrjy.mongodb.net:27017 to client view of cluster
2018-11-28 23:19:03.635  INFO 13322 --- [main] o.s.s.concurrent.ThreadPoolTaskExecutor  : Initializing ExecutorService 'applicationTaskExecutor'
2018-11-28 23:19:03.830  INFO 13322 --- [main] o.s.b.w.embedded.tomcat.TomcatWebServer  : Tomcat started on port(s): 8080 (http) with context path ''
2018-11-28 23:19:03.834  INFO 13322 --- [main] app.Application                          : Started Application in 2.838 seconds (JVM running for 3.337)
2018-11-28 23:19:05.097  INFO 13322 --- [cluster-ClusterId{value='5bfed50f76390b340af60d4e', description='null'}-supercell-shard-00-02-qhrjy.mongodb.net:27017] org.mongodb.driver.connection            : Opened connection [connectionId{localValue:3, serverValue:77346}] to supercell-shard-00-02-qhrjy.mongodb.net:27017
2018-11-28 23:19:05.097  INFO 13322 --- [cluster-ClusterId{value='5bfed50f76390b340af60d4e', description='null'}-supercell-shard-00-00-qhrjy.mongodb.net:27017] org.mongodb.driver.connection            : Opened connection [connectionId{localValue:1, serverValue:77732}] to supercell-shard-00-00-qhrjy.mongodb.net:27017
2018-11-28 23:19:05.098  INFO 13322 --- [cluster-ClusterId{value='5bfed50f76390b340af60d4e', description='null'}-supercell-shard-00-01-qhrjy.mongodb.net:27017] org.mongodb.driver.connection            : Opened connection [connectionId{localValue:2, serverValue:232736}] to supercell-shard-00-01-qhrjy.mongodb.net:27017
2018-11-28 23:19:05.402  INFO 13322 --- [cluster-ClusterId{value='5bfed50f76390b340af60d4e', description='null'}-supercell-shard-00-01-qhrjy.mongodb.net:27017] org.mongodb.driver.cluster               : Monitor thread successfully connected to server with description ServerDescription{address=supercell-shard-00-01-qhrjy.mongodb.net:27017, type=REPLICA_SET_PRIMARY, state=CONNECTED, ok=true, version=ServerVersion{versionList=[4, 0, 4]}, minWireVersion=0, maxWireVersion=7, maxDocumentSize=16777216, logicalSessionTimeoutMinutes=30, roundTripTimeNanos=300916129, setName='Supercell-shard-0', canonicalAddress=supercell-shard-00-01-qhrjy.mongodb.net:27017, hosts=[supercell-shard-00-00-qhrjy.mongodb.net:27017, supercell-shard-00-01-qhrjy.mongodb.net:27017, supercell-shard-00-02-qhrjy.mongodb.net:27017], passives=[], arbiters=[], primary='supercell-shard-00-01-qhrjy.mongodb.net:27017', tagSet=TagSet{[]}, electionId=7fffffff0000000000000006, setVersion=1, lastWriteDate=Wed Nov 28 23:19:05 IST 2018, lastUpdateTimeNanos=15308302139684}
2018-11-28 23:19:05.403  INFO 13322 --- [cluster-ClusterId{value='5bfed50f76390b340af60d4e', description='null'}-supercell-shard-00-00-qhrjy.mongodb.net:27017] org.mongodb.driver.cluster               : Monitor thread successfully connected to server with description ServerDescription{address=supercell-shard-00-00-qhrjy.mongodb.net:27017, type=REPLICA_SET_SECONDARY, state=CONNECTED, ok=true, version=ServerVersion{versionList=[4, 0, 4]}, minWireVersion=0, maxWireVersion=7, maxDocumentSize=16777216, logicalSessionTimeoutMinutes=30, roundTripTimeNanos=300892173, setName='Supercell-shard-0', canonicalAddress=supercell-shard-00-00-qhrjy.mongodb.net:27017, hosts=[supercell-shard-00-00-qhrjy.mongodb.net:27017, supercell-shard-00-01-qhrjy.mongodb.net:27017, supercell-shard-00-02-qhrjy.mongodb.net:27017], passives=[], arbiters=[], primary='supercell-shard-00-01-qhrjy.mongodb.net:27017', tagSet=TagSet{[]}, electionId=null, setVersion=1, lastWriteDate=Wed Nov 28 23:19:05 IST 2018, lastUpdateTimeNanos=15308304074195}
2018-11-28 23:19:05.403  INFO 13322 --- [cluster-ClusterId{value='5bfed50f76390b340af60d4e', description='null'}-supercell-shard-00-02-qhrjy.mongodb.net:27017] org.mongodb.driver.cluster               : Monitor thread successfully connected to server with description ServerDescription{address=supercell-shard-00-02-qhrjy.mongodb.net:27017, type=REPLICA_SET_SECONDARY, state=CONNECTED, ok=true, version=ServerVersion{versionList=[4, 0, 4]}, minWireVersion=0, maxWireVersion=7, maxDocumentSize=16777216, logicalSessionTimeoutMinutes=30, roundTripTimeNanos=304340313, setName='Supercell-shard-0', canonicalAddress=supercell-shard-00-02-qhrjy.mongodb.net:27017, hosts=[supercell-shard-00-00-qhrjy.mongodb.net:27017, supercell-shard-00-01-qhrjy.mongodb.net:27017, supercell-shard-00-02-qhrjy.mongodb.net:27017], passives=[], arbiters=[], primary='supercell-shard-00-01-qhrjy.mongodb.net:27017', tagSet=TagSet{[]}, electionId=null, setVersion=1, lastWriteDate=Wed Nov 28 23:19:05 IST 2018, lastUpdateTimeNanos=15308304074205}
2018-11-28 23:19:05.409  INFO 13322 --- [cluster-ClusterId{value='5bfed50f76390b340af60d4e', description='null'}-supercell-shard-00-01-qhrjy.mongodb.net:27017] org.mongodb.driver.cluster               : Setting max election id to 7fffffff0000000000000006 from replica set primary supercell-shard-00-01-qhrjy.mongodb.net:27017
2018-11-28 23:19:05.410  INFO 13322 --- [cluster-ClusterId{value='5bfed50f76390b340af60d4e', description='null'}-supercell-shard-00-01-qhrjy.mongodb.net:27017] org.mongodb.driver.cluster               : Setting max set version to 1 from replica set primary supercell-shard-00-01-qhrjy.mongodb.net:27017
2018-11-28 23:19:05.410  INFO 13322 --- [cluster-ClusterId{value='5bfed50f76390b340af60d4e', description='null'}-supercell-shard-00-01-qhrjy.mongodb.net:27017] org.mongodb.driver.cluster               : Discovered replica set primary supercell-shard-00-01-qhrjy.mongodb.net:27017
2018-11-28 23:20:56.554  INFO 13322 --- [http-nio-8080-exec-1] o.a.c.c.C.[Tomcat].[localhost].[/]       : Initializing Spring DispatcherServlet 'dispatcherServlet'
2018-11-28 23:20:56.555  INFO 13322 --- [http-nio-8080-exec-1] o.s.web.servlet.DispatcherServlet        : Initializing Servlet 'dispatcherServlet'
2018-11-28 23:20:56.563  INFO 13322 --- [http-nio-8080-exec-1] o.s.web.servlet.DispatcherServlet        : Completed initialization in 8 ms
2018-11-28 23:21:01.961  INFO 13322 --- [http-nio-8080-exec-2] org.mongodb.driver.connection            : Opened connection [connectionId{localValue:4, serverValue:232736}] to supercell-shard-00-01-qhrjy.mongodb.net:27017
2018-11-28 23:21:07.945  INFO 13322 --- [http-nio-8080-exec-2] app.service.MailingService               : Email sent!
2018-11-28 23:24:55.343  INFO 13322 --- [RMI TCP Connection(2)-127.0.0.1] inMXBeanRegistrar$SpringApplicationAdmin : Application shutdown requested.
2018-11-28 23:24:55.345  INFO 13322 --- [RMI TCP Connection(2)-127.0.0.1] o.s.s.concurrent.ThreadPoolTaskExecutor  : Shutting down ExecutorService 'applicationTaskExecutor'
2018-11-28 23:24:55.741  INFO 13322 --- [RMI TCP Connection(2)-127.0.0.1] org.mongodb.driver.connection            : Closed connection [connectionId{localValue:4, serverValue:232736}] to supercell-shard-00-01-qhrjy.mongodb.net:27017 because the pool has been closed.
